<?xml version="1.0" encoding="UTF-8"?>
<coverage generated="1645258624327" clover="3.2.0">
  <project timestamp="1645258624327" name="All files">
    <metrics statements="1" coveredstatements="1" conditionals="0" coveredconditionals="0" methods="1" coveredmethods="1" elements="2" coveredelements="2" complexity="0" loc="1" ncloc="1" packages="1" files="1" classes="1"/>
    <file name="jest_test.ts" path="C:\Users\pgenz\Desktop\DataGrid\src\jest_test.ts">
      <metrics statements="1" coveredstatements="1" conditionals="0" coveredconditionals="0" methods="1" coveredmethods="1"/>
      <line num="1" count="3" type="stmt"/>
    </file>
  </project>
</coverage>
