{"C:\\Users\\pgenz\\Desktop\\DataGrid\\src\\jest_test.ts": {"path":"C:\\Users\\pgenz\\Desktop\\DataGrid\\src\\jest_test.ts","statementMap":{"0":{"start":{"line":1,"column":19},"end":{"line":1,"column":48}},"1":{"start":{"line":1,"column":45},"end":{"line":1,"column":48}},"2":{"start":{"line":1,"column":13},"end":{"line":1,"column":19}}},"fnMap":{"0":{"name":"(anonymous_0)","decl":{"start":{"line":1,"column":19},"end":{"line":1,"column":20}},"loc":{"start":{"line":1,"column":45},"end":{"line":1,"column":48}}}},"branchMap":{},"s":{"0":1,"1":3,"2":1},"f":{"0":3},"b":{}}
}
